/var/spool/slurm/slurmd/job11894559/slurm_script: line 14: activate: No such file or directory
/home/lcur2471/rs_stamp/cmain.py:295: SyntaxWarning: "is" with a literal. Did you mean "=="?
  if input_data is "test":
/home/lcur2471/rs_stamp/cmain.py:297: SyntaxWarning: "is" with a literal. Did you mean "=="?
  elif input_data is "train":
2023-06-05 17:41:05.461548: I tensorflow/tsl/cuda/cudart_stub.cc:28] Could not find cuda drivers on your machine, GPU will not be used.
2023-06-05 17:41:05.508495: I tensorflow/tsl/cuda/cudart_stub.cc:28] Could not find cuda drivers on your machine, GPU will not be used.
2023-06-05 17:41:05.509044: I tensorflow/core/platform/cpu_feature_guard.cc:182] This TensorFlow binary is optimized to use available CPU instructions in performance-critical operations.
To enable the following instructions: AVX2 AVX512F FMA, in other operations, rebuild TensorFlow with the appropriate compiler flags.
2023-06-05 17:41:06.775772: W tensorflow/compiler/tf2tensorrt/utils/py_utils.cc:38] TF-TRT Warning: Could not find TensorRT
WARNING:tensorflow:From /home/lcur2471/.conda/envs/rs_env/lib/python3.9/site-packages/tensorflow/python/compat/v2_compat.py:107: disable_resource_variables (from tensorflow.python.ops.variable_scope) is deprecated and will be removed in a future version.
Instructions for updating:
non-resource variables are not supported in the long term
WARNING:tensorflow:Variable *= will be deprecated. Use `var.assign(var * other)` if you want assignment to the variable value or `x = x * y` if you want a new python Tensor object.
WARNING:tensorflow:From /home/lcur2471/.conda/envs/rs_env/lib/python3.9/site-packages/tensorflow/python/util/dispatch.py:1176: div (from tensorflow.python.ops.math_ops) is deprecated and will be removed in a future version.
Instructions for updating:
Deprecated in favor of operator or tf.math.divide.
2023-06-05 17:41:12.798244: W tensorflow/core/common_runtime/gpu/gpu_device.cc:1956] Cannot dlopen some GPU libraries. Please make sure the missing libraries mentioned above are installed properly if you would like to use GPU. Follow the guide at https://www.tensorflow.org/install/gpu for how to download and setup the required libraries for your platform.
Skipping registering GPU devices...
2023-06-05 17:41:12.835276: I tensorflow/compiler/mlir/mlir_graph_optimization_pass.cc:353] MLIR V1 optimization pass is not enabled
